<?xml version="1.0" encoding="UTF-8"?>
<!-- Generated by org.testng.reporters.JUnitReportReporter -->
<testsuite hostname="localhost.localdomain" name="tests.highPriority.CouponsAddTest" tests="2" failures="0" timestamp="14 Jan 2016 11:18:53 GMT" time="4.393" errors="0">
  <testcase name="checkAndDeleteCouponInDB" time="0.815" classname="tests.highPriority.CouponsAddTest"/>
  <testcase name="addCoupon" time="3.578" classname="tests.highPriority.CouponsAddTest"/>
</testsuite> <!-- tests.highPriority.CouponsAddTest -->
